1 1.496718
2 47.157213
3 38.589603
4 44.611238
5 46.780103
6 43.401774
7 42.802514
8 41.925850
9 40.469544
10 43.469696
11 43.521116
12 41.972421
13 43.175262
14 43.501706
15 45.129159
16 42.155080
17 41.961923
18 44.417541
19 42.671007
20 41.910769
21 44.189176
22 43.679292
23 47.027672
24 49.018921
25 48.182146
26 47.631152
27 46.896743
28 49.590957
29 46.865303
30 48.038116
31 47.394872
32 49.689069
33 47.053523
34 48.598621
35 47.065139
36 50.984660
37 44.885750
38 50.547790
39 48.900620
40 48.289208
41 48.828890
42 47.961761
43 49.191968
44 46.796805
45 49.249730
46 50.603286
47 50.248637
48 50.508225
49 45.690581
50 48.471692
51 45.714485
52 45.918177
53 48.634123
54 46.113549
55 48.528897
56 45.833377
57 48.185467
58 37.396721
59 50.215550
60 50.676655
61 45.029352
62 49.412186
63 44.290901
64 47.742297
65 46.811429
66 48.585110
67 46.535643
68 47.881822
69 48.374419
70 46.134853
71 50.013761
72 49.831341
73 40.795067
74 49.175243
75 48.355457
76 46.424386
77 37.897484
78 47.378811
79 49.447138
80 44.343345
81 47.434536
82 43.296935
83 47.938738
84 48.294212
85 42.142797
86 46.186671
87 45.497782
88 47.325886
89 44.057352
90 45.458333
91 45.791845
92 46.222810
93 46.426955
94 43.258532
95 47.324284
96 48.537882
97 42.081488
98 46.778016
99 45.673168
100 47.100550
101 44.522212
102 45.695559
103 45.976564
104 45.483967
105 47.728715
106 38.880429
107 45.565992
108 46.794194
109 44.632126
110 47.737406
111 46.772799
112 47.237409
113 45.180688
114 45.661234
115 47.416304
116 43.701592
117 45.657258
118 47.496846
119 48.506447
120 43.721180
121 48.410152
122 48.670805
123 43.901026
124 46.779581
125 45.981100
126 46.929801
127 44.233448
128 44.815728
129 46.419248
130 48.147854
131 48.416858
132 45.086469
133 46.601307
134 47.483404
135 44.105071
136 48.608759
137 46.387932
138 44.454261
139 44.280614
140 46.153128
141 43.861085
142 47.808143
143 48.707544
144 47.528063
145 46.449064
146 48.194326
147 49.397637
148 44.500011
149 48.710938
150 37.035797
