1 0.681178
2 0.021507
3 0.026293
4 0.021781
5 0.021750
6 0.023236
7 0.020741
8 0.027348
9 0.025506
10 0.034441
11 0.023913
12 0.024032
13 0.021808
14 0.024146
15 0.022655
16 0.023064
17 0.024703
18 0.024288
19 0.023977
20 0.023376
21 0.022577
22 0.025492
23 0.021662
24 0.021391
25 0.020274
26 0.021468
27 0.020560
28 0.021755
29 0.019806
30 0.021525
31 0.020436
32 0.020871
33 0.020257
34 0.021396
35 0.021816
36 0.020717
37 0.021887
38 0.020918
39 0.021043
40 0.020849
41 0.020834
42 0.021620
43 0.020582
44 0.019904
45 0.022914
46 0.020001
47 0.020983
48 0.020590
49 0.021616
50 0.021035
51 0.021204
52 0.021468
53 0.019941
54 0.020049
55 0.022459
56 0.019996
57 0.020742
58 0.020694
59 0.021067
60 0.021803
61 0.021346
62 0.022390
63 0.021143
64 0.020932
65 0.023333
66 0.020943
67 0.021034
68 0.022365
69 0.021156
70 0.021498
71 0.022133
72 0.021377
73 0.022791
74 0.021386
75 0.022582
76 0.021049
77 0.023262
78 0.020619
79 0.021586
80 0.020411
81 0.022227
82 0.020258
83 0.021718
84 0.020369
85 0.021764
86 0.022017
87 0.020730
88 0.022764
89 0.020585
90 0.021123
91 0.020589
92 0.019968
93 0.019904
94 0.021374
95 0.019843
96 0.021139
97 0.021759
98 0.020720
99 0.020867
100 0.020915
101 0.020167
102 0.022994
103 0.019793
104 0.019884
105 0.021257
106 0.020253
107 0.022147
108 0.021582
109 0.023478
110 0.021753
111 0.022063
112 0.021524
113 0.021223
114 0.023984
115 0.021021
116 0.020630
117 0.023531
118 0.021250
119 0.022540
120 0.021529
121 0.023210
122 0.021843
123 0.021311
124 0.021738
125 0.021471
126 0.020669
127 0.020782
128 0.022685
129 0.021122
130 0.021579
131 0.022011
132 0.023019
133 0.022121
134 0.022446
135 0.020845
136 0.021190
137 0.023923
138 0.020794
139 0.021194
140 0.022310
141 0.021738
142 0.021585
143 0.022756
144 0.021672
145 0.022008
146 0.021693
